<?xml version="1.0" encoding="UTF-8"?>
<testsuite xmlns:xsi="http://www.w3.org/2001/XMLSchema-instance" xsi:noNamespaceSchemaLocation="https://maven.apache.org/surefire/maven-surefire-plugin/xsd/surefire-test-report.xsd" name="com.mvit.AppTest" time="0.019" tests="1" errors="0" skipped="0" failures="0">
  <properties>
    <property name="java.specification.version" value="17"/>
    <property name="sun.cpu.isalist" value="amd64"/>
    <property name="sun.jnu.encoding" value="Cp1252"/>
    <property name="java.class.path" value="C:\Users\Likith Reddy\OneDrive\Desktop\maven-project\flipkart-app\target\test-classes;C:\Users\Likith Reddy\OneDrive\Desktop\maven-project\flipkart-app\target\classes;C:\Users\Likith Reddy\.m2\repository\junit\junit\4.11\junit-4.11.jar;C:\Users\Likith Reddy\.m2\repository\org\hamcrest\hamcrest-core\1.3\hamcrest-core-1.3.jar;"/>
    <property name="java.vm.vendor" value="Eclipse Adoptium"/>
    <property name="sun.arch.data.model" value="64"/>
    <property name="user.variant" value=""/>
    <property name="java.vendor.url" value="https://adoptium.net/"/>
    <property name="user.timezone" value="Asia/Calcutta"/>
    <property name="os.name" value="Windows 11"/>
    <property name="java.vm.specification.version" value="17"/>
    <property name="sun.java.launcher" value="SUN_STANDARD"/>
    <property name="user.country" value="IN"/>
    <property name="sun.boot.library.path" value="C:\Program Files\Eclipse Adoptium\jdk-17.0.15.6-hotspot\bin"/>
    <property name="sun.java.command" value="C:\Users\LIKITH~1\AppData\Local\Temp\surefire2473250378488840739\surefirebooter5618400489447717272.jar C:\Users\Likith Reddy\AppData\Local\Temp\surefire2473250378488840739 2025-06-09T14-52-32_225-jvmRun1 surefire11233702987454637909tmp surefire_02616899019573957058tmp"/>
    <property name="jdk.debug" value="release"/>
    <property name="surefire.test.class.path" value="C:\Users\Likith Reddy\OneDrive\Desktop\maven-project\flipkart-app\target\test-classes;C:\Users\Likith Reddy\OneDrive\Desktop\maven-project\flipkart-app\target\classes;C:\Users\Likith Reddy\.m2\repository\junit\junit\4.11\junit-4.11.jar;C:\Users\Likith Reddy\.m2\repository\org\hamcrest\hamcrest-core\1.3\hamcrest-core-1.3.jar;"/>
    <property name="sun.cpu.endian" value="little"/>
    <property name="user.home" value="C:\Users\Likith Reddy"/>
    <property name="user.language" value="en"/>
    <property name="java.specification.vendor" value="Oracle Corporation"/>
    <property name="java.version.date" value="2025-04-15"/>
    <property name="java.home" value="C:\Program Files\Eclipse Adoptium\jdk-17.0.15.6-hotspot"/>
    <property name="file.separator" value="\"/>
    <property name="basedir" value="C:\Users\Likith Reddy\OneDrive\Desktop\maven-project\flipkart-app"/>
    <property name="java.vm.compressedOopsMode" value="Zero based"/>
    <property name="line.separator" value="&#10;"/>
    <property name="java.vm.specification.vendor" value="Oracle Corporation"/>
    <property name="java.specification.name" value="Java Platform API Specification"/>
    <property name="surefire.real.class.path" value="C:\Users\LIKITH~1\AppData\Local\Temp\surefire2473250378488840739\surefirebooter5618400489447717272.jar"/>
    <property name="user.script" value=""/>
    <property name="sun.management.compiler" value="HotSpot 64-Bit Tiered Compilers"/>
    <property name="java.runtime.version" value="17.0.15+6"/>
    <property name="user.name" value="Likith Reddy"/>
    <property name="path.separator" value=";"/>
    <property name="os.version" value="10.0"/>
    <property name="java.runtime.name" value="OpenJDK Runtime Environment"/>
    <property name="file.encoding" value="Cp1252"/>
    <property name="java.vm.name" value="OpenJDK 64-Bit Server VM"/>
    <property name="java.vendor.version" value="Temurin-17.0.15+6"/>
    <property name="localRepository" value="C:\Users\Likith Reddy\.m2\repository"/>
    <property name="java.vendor.url.bug" value="https://github.com/adoptium/adoptium-support/issues"/>
    <property name="java.io.tmpdir" value="C:\Users\LIKITH~1\AppData\Local\Temp\"/>
    <property name="java.version" value="17.0.15"/>
    <property name="user.dir" value="C:\Users\Likith Reddy\OneDrive\Desktop\maven-project\flipkart-app"/>
    <property name="os.arch" value="amd64"/>
    <property name="java.vm.specification.name" value="Java Virtual Machine Specification"/>
    <property name="sun.os.patch.level" value=""/>
    <property name="native.encoding" value="Cp1252"/>
    <property name="java.library.path" value="C:\Program Files\Eclipse Adoptium\jdk-17.0.15.6-hotspot\bin;C:\WINDOWS\Sun\Java\bin;C:\WINDOWS\system32;C:\WINDOWS;C:\Program Files\Eclipse Adoptium\jdk-17.0.15.6-hotspot\bin;C:\WINDOWS\system32;C:\WINDOWS;C:\WINDOWS\System32\Wbem;C:\WINDOWS\System32\WindowsPowerShell\v1.0\;C:\WINDOWS\System32\OpenSSH\;E:\Git\cmd;C:\Users\Likith Reddy\Downloads\apache-maven-3.9.9-bin\apache-maven-3.9.9\bin;C:\Users\Likith Reddy\Downloads\gradle-8.14.1-bin\gradle-8.14.1\bin;C:\Users\Likith Reddy\Downloads\jdk-21_windows-x64_bin\jdk-21.0.7\bin;C:\Users\Likith Reddy\Downloads\apache-maven-3.9.10-bin\apache-maven-3.9.10\bin;C:\Users\Likith Reddy\Downloads\gradle-8.14.2-bin\gradle-8.14.2\bin;C:\Users\Likith Reddy\AppData\Local\Programs\Python\Python313\Scripts\;C:\Users\Likith Reddy\AppData\Local\Programs\Python\Python313\;C:\Users\Likith Reddy\AppData\Local\Microsoft\WindowsApps;;C:\Users\Likith Reddy\AppData\Local\Programs\Microsoft VS Code\bin;."/>
    <property name="java.vm.info" value="mixed mode, sharing"/>
    <property name="java.vendor" value="Eclipse Adoptium"/>
    <property name="java.vm.version" value="17.0.15+6"/>
    <property name="java.specification.maintenance.version" value="1"/>
    <property name="sun.io.unicode.encoding" value="UnicodeLittle"/>
    <property name="java.class.version" value="61.0"/>
  </properties>
  <testcase name="shouldAnswerWithTrue" classname="com.mvit.AppTest" time="0"/>
</testsuite>